<?xml version="1.0" encoding="UTF-8"?>
<!-- Generated by org.testng.reporters.JUnitXMLReporter -->
<testsuite ignored="0" hostname="LAPTOP-T7K377GD" failures="0" tests="3" name="Framework functional tests" time="46.445" errors="0" timestamp="11 окт. 2022 08:35:51 GMT">
  <testcase classname="com.epam.training.student_anton_marhol.framework_practical_task.test.GoogleCloudPricingCalculatorTest" name="formSetup" time="37.534"/>
  <testcase classname="com.epam.training.student_anton_marhol.framework_practical_task.test.GoogleCloudPricingCalculatorTest" name="mailAddress" time="0.115"/>
  <testcase classname="com.epam.training.student_anton_marhol.framework_practical_task.test.GoogleCloudPricingCalculatorTest" name="totalEstimatedCost" time="0.221"/>
</testsuite> <!-- Framework functional tests -->
