<?xml version="1.0" encoding="UTF-8"?>
<!-- Generated by org.testng.reporters.JUnitXMLReporter -->
<testsuite ignored="0" hostname="LAPTOP-T7K377GD" failures="0" tests="2" name="All tests" time="40.098" errors="0" timestamp="29 сент. 2022 08:32:07 GMT">
  <testcase classname="com.epam.training.student_anton_marhol.hardcore.test.GoogleCloudPricingCalculatorTest" name="browserSetupTest" time="35.759"/>
  <testcase classname="com.epam.training.student_anton_marhol.hardcore.test.GoogleCloudPricingCalculatorTest" name="totalEstimatedCostTest" time="0.232"/>
</testsuite> <!-- All tests -->
