<!DOCTYPE html PUBLIC "-//W3C//DTD XHTML 1.1//EN" "http://www.w3.org/TR/xhtml11/DTD/xhtml11.dtd">
<html xmlns="http://www.w3.org/1999/xhtml">
<head>
<meta http-equiv="content-type" content="text/html; charset=UTF-8"/>
<title>TestNG Report</title>
<style type="text/css">table {margin-bottom:10px;border-collapse:collapse;empty-cells:show}th,td {border:1px solid #009;padding:.25em .5em}th {vertical-align:bottom}td {vertical-align:top}table a {font-weight:bold}.stripe td {background-color: #E6EBF9}.num {text-align:right}.passedodd td {background-color: #3F3}.passedeven td {background-color: #0A0}.skippedodd td {background-color: #DDD}.skippedeven td {background-color: #CCC}.failedodd td,.attn {background-color: #F33}.failedeven td,.stripe .attn {background-color: #D00}.stacktrace {white-space:pre;font-family:monospace}.totop {font-size:85%;text-align:center;border-bottom:2px solid #000}.invisible {display:none}</style>
</head>
<body>
<table>
<tr><th>Test</th><th># Passed</th><th># Skipped</th><th># Failed</th><th>Time (ms)</th><th>Included Groups</th><th>Excluded Groups</th></tr>
<tr><th colspan="7">Framework functional tests</th></tr>
<<<<<<< HEAD
<tr><td><a href="#t0">Framework functional tests</a></td><td class="num">0</td><td class="num">0</td><td class="num attn">2</td><td class="num">49 401</td><td></td><td></td></tr>
</table>
<table id='summary'><thead><tr><th>Class</th><th>Method</th><th>Start</th><th>Time (ms)</th></tr></thead><tbody><tr><th colspan="4">Framework functional tests</th></tr></tbody><tbody id="t0"><tr><th colspan="4">Framework functional tests &#8212; failed</th></tr><tr class="failedeven"><td rowspan="2">com.epam.training.student_anton_marhol.framework_practical_task.test.GoogleCloudPricingCalculatorTest</td><td><a href="#m0">browserSetupTest</a></td><td rowspan="1">1664867768652</td><td rowspan="1">33634</td></tr><tr class="failedeven"><td><a href="#m1">totalEstimatedCostTest</a></td><td rowspan="1">1664867802573</td><td rowspan="1">3</td></tr></tbody>
</table>
<h2>Framework functional tests</h2><h3 id="m0">com.epam.training.student_anton_marhol.framework_practical_task.test.GoogleCloudPricingCalculatorTest#browserSetupTest</h3><table class="result"><tr><th>Exception</th></tr><tr><td><div class="stacktrace">org.openqa.selenium.TimeoutException: Expected condition failed: waiting for invisibility of [[FirefoxDriver: firefox on WINDOWS (eaa73729-b05d-4831-9599-4d40ba4b2ca2)] -&gt; xpath: //md-option/child::div[contains(text(),&apos;N1&apos;)]] (tried for 5 second(s) with 500 milliseconds interval)
Build info: version: &apos;4.4.0&apos;, revision: &apos;e5c75ed026a&apos;
System info: host: &apos;LAPTOP-T7K377GD&apos;, ip: &apos;192.168.71.41&apos;, os.name: &apos;Windows 10&apos;, os.arch: &apos;amd64&apos;, os.version: &apos;10.0&apos;, java.version: &apos;11&apos;
Driver info: org.openqa.selenium.firefox.FirefoxDriver
Capabilities {acceptInsecureCerts: true, browserName: firefox, browserVersion: 105.0.1, moz:accessibilityChecks: false, moz:buildID: 20220922151854, moz:debuggerAddress: 127.0.0.1:56418, moz:geckodriverVersion: 0.31.0, moz:headless: false, moz:platformVersion: 10.0, moz:processID: 4760, moz:profile: C:\Users\HP\AppData\Local\T..., moz:shutdownTimeout: 60000, moz:useNonSpecCompliantPointerOrigin: false, moz:webdriverClick: true, moz:windowless: false, pageLoadStrategy: normal, platformName: WINDOWS, proxy: Proxy(), se:cdp: ws://127.0.0.1:56418/devtoo..., se:cdpVersion: 85.0, setWindowRect: true, strictFileInteractability: false, timeouts: {implicit: 0, pageLoad: 300000, script: 30000}, unhandledPromptBehavior: dismiss and notify}
Session ID: eaa73729-b05d-4831-9599-4d40ba4b2ca2
	at org.openqa.selenium.support.ui.WebDriverWait.timeoutException(WebDriverWait.java:87)
	at org.openqa.selenium.support.ui.FluentWait.until(FluentWait.java:231)
	at com.epam.training.student_anton_marhol.framework_practical_task.page.ParentPage.waitForElementInvisibility(ParentPage.java:58)
	at com.epam.training.student_anton_marhol.framework_practical_task.page.ParentPage.setNewElement(ParentPage.java:53)
	at com.epam.training.student_anton_marhol.framework_practical_task.page.PricingCalculatorTheFirstPage.fillTheFisrstPartOfForm(PricingCalculatorTheFirstPage.java:48)
	at com.epam.training.student_anton_marhol.framework_practical_task.test.GoogleCloudPricingCalculatorTest.browserSetupTest(GoogleCloudPricingCalculatorTest.java:22)
=======
<tr><td><a href="#t0">Framework functional tests</a></td><td class="num">0</td><td class="num">0</td><td class="num attn">2</td><td class="num">7 347</td><td></td><td></td></tr>
</table>
<table id='summary'><thead><tr><th>Class</th><th>Method</th><th>Start</th><th>Time (ms)</th></tr></thead><tbody><tr><th colspan="4">Framework functional tests</th></tr></tbody><tbody id="t0"><tr><th colspan="4">Framework functional tests &#8212; failed</th></tr><tr class="failedeven"><td rowspan="2">com.epam.training.student_anton_marhol.framework_practical_task.test.GoogleCloudPricingCalculatorTest</td><td><a href="#m0">browserSetupTest</a></td><td rowspan="1">1664865890917</td><td rowspan="1">15</td></tr><tr class="failedeven"><td><a href="#m1">totalEstimatedCostTest</a></td><td rowspan="1">1664865891093</td><td rowspan="1">15</td></tr></tbody>
</table>
<h2>Framework functional tests</h2><h3 id="m0">com.epam.training.student_anton_marhol.framework_practical_task.test.GoogleCloudPricingCalculatorTest#browserSetupTest</h3><table class="result"><tr><th>Exception</th></tr><tr><td><div class="stacktrace">java.lang.ExceptionInInitializerError
	at com.epam.training.student_anton_marhol.framework_practical_task.service.InstancesCreator.withCredentialsFromProperties(InstancesCreator.java:21)
	at com.epam.training.student_anton_marhol.framework_practical_task.test.GoogleCloudPricingCalculatorTest.browserSetupTest(GoogleCloudPricingCalculatorTest.java:16)
Caused by: java.lang.NullPointerException
	at java.base/java.util.ResourceBundle$CacheKey.hashCode(ResourceBundle.java:744)
	at java.base/java.util.concurrent.ConcurrentHashMap.get(ConcurrentHashMap.java:936)
	at java.base/java.util.ResourceBundle.getBundleImpl(ResourceBundle.java:1629)
	at java.base/java.util.ResourceBundle.getBundleImpl(ResourceBundle.java:1593)
	at java.base/java.util.ResourceBundle.getBundleImpl(ResourceBundle.java:1556)
	at java.base/java.util.ResourceBundle.getBundle(ResourceBundle.java:857)
	at com.epam.training.student_anton_marhol.framework_practical_task.service.InstancesReader.&lt;clinit&gt;(InstancesReader.java:7)
	... 31 more
>>>>>>> 76bda087ce1475a3b159fa232b114c6b89fc6f0c
... Removed 29 stack frames</div></td></tr></table><p class="totop"><a href="#summary">back to summary</a></p>
<h3 id="m1">com.epam.training.student_anton_marhol.framework_practical_task.test.GoogleCloudPricingCalculatorTest#totalEstimatedCostTest</h3><table class="result"><tr><th>Exception</th></tr><tr><td><div class="stacktrace">java.lang.NullPointerException: null value in entry: handle=null
	at com.google.common.collect.CollectPreconditions.checkEntryNotNull(CollectPreconditions.java:33)
	at com.google.common.collect.SingletonImmutableBiMap.&lt;init&gt;(SingletonImmutableBiMap.java:43)
	at com.google.common.collect.ImmutableBiMap.of(ImmutableBiMap.java:81)
	at com.google.common.collect.ImmutableMap.of(ImmutableMap.java:128)
	at org.openqa.selenium.remote.DriverCommand.SWITCH_TO_WINDOW(DriverCommand.java:273)
	at org.openqa.selenium.remote.RemoteWebDriver$RemoteTargetLocator.window(RemoteWebDriver.java:1084)
	at com.epam.training.student_anton_marhol.framework_practical_task.page.ResultPage.lookForTotalEstimatedCostInMail(ResultPage.java:31)
	at com.epam.training.student_anton_marhol.framework_practical_task.test.GoogleCloudPricingCalculatorTest.totalEstimatedCostTest(GoogleCloudPricingCalculatorTest.java:43)
... Removed 29 stack frames</div></td></tr></table><p class="totop"><a href="#summary">back to summary</a></p>
</body>
</html>
