<?xml version="1.0" encoding="UTF-8"?>
<testsuite xmlns:xsi="http://www.w3.org/2001/XMLSchema-instance" xsi:noNamespaceSchemaLocation="https://maven.apache.org/surefire/maven-surefire-plugin/xsd/surefire-test-report.xsd" name="TestSuite" time="37.051" tests="2" errors="0" skipped="0" failures="0">
  <properties>
[...]
</properties>
  <testcase name="basicGoogleCloudFunction" classname="com.epam.training.student_anton_marhol.framework_practical_task.test.SmokeTest" time="19.611"/>
  <testcase name="basicYopmailFunction" classname="com.epam.training.student_anton_marhol.framework_practical_task.test.SmokeTest" time="7.39"/>
</testsuite>