<?xml version="1.0" encoding="UTF-8"?>
<testng-results total="2" passed="2" failed="0" skipped="0">
  <reporter-output>
  </reporter-output>
  <suite started-at="2022-10-13T08:30:53Z" name="smoke tests" finished-at="2022-10-13T08:31:28Z" duration-ms="34780">
    <groups>
      <group name="smoketest">
        <method signature="SmokeTest.basicGoogleCloudFunction()[pri:0, instance:com.epam.training.student_anton_marhol.framework_practical_task.test.SmokeTest@7494f96a]" name="basicGoogleCloudFunction" class="com.epam.training.student_anton_marhol.framework_practical_task.test.SmokeTest"/>
        <method signature="SmokeTest.basicYopmailFunction()[pri:0, instance:com.epam.training.student_anton_marhol.framework_practical_task.test.SmokeTest@7494f96a]" name="basicYopmailFunction" class="com.epam.training.student_anton_marhol.framework_practical_task.test.SmokeTest"/>
      </group> <!-- smoketest -->
    </groups>
    <test started-at="2022-10-13T08:30:53Z" name="smoke tests" finished-at="2022-10-13T08:31:28Z" duration-ms="34780">
      <class name="com.epam.training.student_anton_marhol.framework_practical_task.test.SmokeTest">
        <test-method is-config="true" signature="browserSetup()[pri:0, instance:com.epam.training.student_anton_marhol.framework_practical_task.test.SmokeTest@7494f96a]" started-at="2022-10-13T12:30:53Z" name="browserSetup" description="Open browser and maximize, run fillTheForm method to prepare browser for tests." finished-at="2022-10-13T12:31:00Z" duration-ms="6708" status="PASS">
          <reporter-output>
          </reporter-output>
        </test-method> <!-- browserSetup -->
        <test-method signature="basicGoogleCloudFunction()[pri:0, instance:com.epam.training.student_anton_marhol.framework_practical_task.test.SmokeTest@7494f96a]" started-at="2022-10-13T12:31:00Z" name="basicGoogleCloudFunction" description="Check for Pricing calculator page will open and compare title" finished-at="2022-10-13T12:31:19Z" duration-ms="19610" status="PASS">
          <reporter-output>
          </reporter-output>
        </test-method> <!-- basicGoogleCloudFunction -->
        <test-method signature="basicYopmailFunction()[pri:0, instance:com.epam.training.student_anton_marhol.framework_practical_task.test.SmokeTest@7494f96a]" started-at="2022-10-13T12:31:19Z" name="basicYopmailFunction" description="Compare generated email with email in the mail box " finished-at="2022-10-13T12:31:27Z" duration-ms="7392" status="PASS">
          <reporter-output>
          </reporter-output>
        </test-method> <!-- basicYopmailFunction -->
        <test-method is-config="true" signature="browserShutDown()[pri:0, instance:com.epam.training.student_anton_marhol.framework_practical_task.test.SmokeTest@7494f96a]" started-at="2022-10-13T12:31:27Z" name="browserShutDown" description="Close browser in any case" finished-at="2022-10-13T12:31:28Z" duration-ms="1044" status="PASS">
          <reporter-output>
          </reporter-output>
        </test-method> <!-- browserShutDown -->
      </class> <!-- com.epam.training.student_anton_marhol.framework_practical_task.test.SmokeTest -->
    </test> <!-- smoke tests -->
  </suite> <!-- smoke tests -->
</testng-results>
