<?xml version="1.0" encoding="UTF-8"?>
<testsuite xmlns:xsi="http://www.w3.org/2001/XMLSchema-instance" xsi:noNamespaceSchemaLocation="https://maven.apache.org/surefire/maven-surefire-plugin/xsd/surefire-test-report.xsd" name="TestSuite" time="50.902" tests="2" errors="0" skipped="0" failures="2">
  <properties>
[...]
</properties>
  <testcase name="browserSetupTest" classname="com.epam.training.student_anton_marhol.framework_practical_task.test.GoogleCloudPricingCalculatorTest" time="33.923">
    <failure message="Expected condition failed: waiting for invisibility of [[FirefoxDriver: firefox on WINDOWS (eaa73729-b05d-4831-9599-4d40ba4b2ca2)] -&gt; xpath: //md-option/child::div[contains(text(),&apos;N1&apos;)]] (tried for 5 second(s) with 500 milliseconds interval)&#10;Build info: version: &apos;4.4.0&apos;, revision: &apos;e5c75ed026a&apos;&#10;System info: host: &apos;LAPTOP-T7K377GD&apos;, ip: &apos;192.168.71.41&apos;, os.name: &apos;Windows 10&apos;, os.arch: &apos;amd64&apos;, os.version: &apos;10.0&apos;, java.version: &apos;11&apos;&#10;Driver info: org.openqa.selenium.firefox.FirefoxDriver&#10;Capabilities {acceptInsecureCerts: true, browserName: firefox, browserVersion: 105.0.1, moz:accessibilityChecks: false, moz:buildID: 20220922151854, moz:debuggerAddress: 127.0.0.1:56418, moz:geckodriverVersion: 0.31.0, moz:headless: false, moz:platformVersion: 10.0, moz:processID: 4760, moz:profile: C:\Users\HP\AppData\Local\T..., moz:shutdownTimeout: 60000, moz:useNonSpecCompliantPointerOrigin: false, moz:webdriverClick: true, moz:windowless: false, pageLoadStrategy: normal, platformName: WINDOWS, proxy: Proxy(), se:cdp: ws://127.0.0.1:56418/devtoo..., se:cdpVersion: 85.0, setWindowRect: true, strictFileInteractability: false, timeouts: {implicit: 0, pageLoad: 300000, script: 30000}, unhandledPromptBehavior: dismiss and notify}&#10;Session ID: eaa73729-b05d-4831-9599-4d40ba4b2ca2" type="org.openqa.selenium.TimeoutException">org.openqa.selenium.TimeoutException: 
Expected condition failed: waiting for invisibility of [[FirefoxDriver: firefox on WINDOWS (eaa73729-b05d-4831-9599-4d40ba4b2ca2)] -> xpath: //md-option/child::div[contains(text(),'N1')]] (tried for 5 second(s) with 500 milliseconds interval)
Build info: version: '4.4.0', revision: 'e5c75ed026a'
System info: host: 'LAPTOP-T7K377GD', ip: '192.168.71.41', os.name: 'Windows 10', os.arch: 'amd64', os.version: '10.0', java.version: '11'
Driver info: org.openqa.selenium.firefox.FirefoxDriver
Capabilities {acceptInsecureCerts: true, browserName: firefox, browserVersion: 105.0.1, moz:accessibilityChecks: false, moz:buildID: 20220922151854, moz:debuggerAddress: 127.0.0.1:56418, moz:geckodriverVersion: 0.31.0, moz:headless: false, moz:platformVersion: 10.0, moz:processID: 4760, moz:profile: C:\Users\HP\AppData\Local\T..., moz:shutdownTimeout: 60000, moz:useNonSpecCompliantPointerOrigin: false, moz:webdriverClick: true, moz:windowless: false, pageLoadStrategy: normal, platformName: WINDOWS, proxy: Proxy(), se:cdp: ws://127.0.0.1:56418/devtoo..., se:cdpVersion: 85.0, setWindowRect: true, strictFileInteractability: false, timeouts: {implicit: 0, pageLoad: 300000, script: 30000}, unhandledPromptBehavior: dismiss and notify}
Session ID: eaa73729-b05d-4831-9599-4d40ba4b2ca2
	at com.epam.training.student_anton_marhol.framework_practical_task.test.GoogleCloudPricingCalculatorTest.browserSetupTest(GoogleCloudPricingCalculatorTest.java:22)
</failure>
    <system-out><![CDATA[2022-10-04 11:15:59,680 DEBUG logging.InternalLoggerFactory [main] io.netty.util.internal.logging.InternalLoggerFactory.useLog4J2LoggerFactory(InternalLoggerFactory.java:76) Using Log4J2 as the default logging framework
2022-10-04 11:15:59,702 DEBUG util.ResourceLeakDetector [main] io.netty.util.ResourceLeakDetector.<clinit>(ResourceLeakDetector.java:129) -Dio.netty.leakDetection.level: simple
2022-10-04 11:15:59,702 DEBUG util.ResourceLeakDetector [main] io.netty.util.ResourceLeakDetector.<clinit>(ResourceLeakDetector.java:130) -Dio.netty.leakDetection.targetRecords: 4
2022-10-04 11:15:59,702 DEBUG util.ResourceLeakDetectorFactory [main] io.netty.util.ResourceLeakDetectorFactory$DefaultResourceLeakDetectorFactory.newResourceLeakDetector(ResourceLeakDetectorFactory.java:196) Loaded default ResourceLeakDetector: io.netty.util.ResourceLeakDetector@5109e8cf
2022-10-04 11:15:59,733 DEBUG internal.PlatformDependent0 [main] io.netty.util.internal.PlatformDependent0.explicitNoUnsafeCause0(PlatformDependent0.java:495) -Dio.netty.noUnsafe: false
2022-10-04 11:15:59,733 DEBUG internal.PlatformDependent0 [main] io.netty.util.internal.PlatformDependent0.javaVersion0(PlatformDependent0.java:998) Java version: 11
2022-10-04 11:15:59,733 DEBUG internal.PlatformDependent0 [main] io.netty.util.internal.PlatformDependent0.<clinit>(PlatformDependent0.java:136) sun.misc.Unsafe.theUnsafe: available
2022-10-04 11:15:59,733 DEBUG internal.PlatformDependent0 [main] io.netty.util.internal.PlatformDependent0.<clinit>(PlatformDependent0.java:160) sun.misc.Unsafe.copyMemory: available
2022-10-04 11:15:59,733 DEBUG internal.PlatformDependent0 [main] io.netty.util.internal.PlatformDependent0.<clinit>(PlatformDependent0.java:192) sun.misc.Unsafe.storeFence: available
2022-10-04 11:15:59,733 DEBUG internal.PlatformDependent0 [main] io.netty.util.internal.PlatformDependent0.<clinit>(PlatformDependent0.java:235) java.nio.Buffer.address: available
2022-10-04 11:15:59,733 DEBUG internal.PlatformDependent0 [main] io.netty.util.internal.PlatformDependent0.<clinit>(PlatformDependent0.java:316) direct buffer constructor: unavailable
java.lang.UnsupportedOperationException: Reflective setAccessible(true) disabled
	at io.netty.util.internal.ReflectionUtil.trySetAccessible(ReflectionUtil.java:31) ~[netty-common-4.1.78.Final.jar:4.1.78.Final]
	at io.netty.util.internal.PlatformDependent0$5.run(PlatformDependent0.java:287) ~[netty-common-4.1.78.Final.jar:4.1.78.Final]
	at java.security.AccessController.doPrivileged(Native Method) ~[?:?]
	at io.netty.util.internal.PlatformDependent0.<clinit>(PlatformDependent0.java:281) [netty-common-4.1.78.Final.jar:4.1.78.Final]
	at io.netty.util.internal.PlatformDependent.isAndroid(PlatformDependent.java:294) [netty-common-4.1.78.Final.jar:4.1.78.Final]
	at io.netty.util.internal.PlatformDependent.<clinit>(PlatformDependent.java:88) [netty-common-4.1.78.Final.jar:4.1.78.Final]
	at io.netty.util.HashedWheelTimer.<init>(HashedWheelTimer.java:114) [netty-common-4.1.78.Final.jar:4.1.78.Final]
	at io.netty.util.HashedWheelTimer.<init>(HashedWheelTimer.java:251) [netty-common-4.1.78.Final.jar:4.1.78.Final]
	at io.netty.util.HashedWheelTimer.<init>(HashedWheelTimer.java:224) [netty-common-4.1.78.Final.jar:4.1.78.Final]
	at io.netty.util.HashedWheelTimer.<init>(HashedWheelTimer.java:203) [netty-common-4.1.78.Final.jar:4.1.78.Final]
	at org.asynchttpclient.DefaultAsyncHttpClient.newNettyTimer(DefaultAsyncHttpClient.java:111) [async-http-client-2.12.3.jar:?]
	at org.asynchttpclient.DefaultAsyncHttpClient.<init>(DefaultAsyncHttpClient.java:90) [async-http-client-2.12.3.jar:?]
	at org.asynchttpclient.Dsl.asyncHttpClient(Dsl.java:32) [async-http-client-2.12.3.jar:?]
	at org.openqa.selenium.remote.http.netty.NettyClient.createHttpClient(NettyClient.java:93) [selenium-remote-driver-4.4.0.jar:?]
	at org.openqa.selenium.remote.http.netty.NettyClient.<clinit>(NettyClient.java:47) [selenium-remote-driver-4.4.0.jar:?]
	at org.openqa.selenium.remote.http.netty.NettyClient$Factory.createClient(NettyClient.java:134) [selenium-remote-driver-4.4.0.jar:?]
	at org.openqa.selenium.remote.HttpCommandExecutor.<init>(HttpCommandExecutor.java:107) [selenium-remote-driver-4.4.0.jar:?]
	at org.openqa.selenium.remote.HttpCommandExecutor.<init>(HttpCommandExecutor.java:94) [selenium-remote-driver-4.4.0.jar:?]
	at org.openqa.selenium.remote.HttpCommandExecutor.<init>(HttpCommandExecutor.java:85) [selenium-remote-driver-4.4.0.jar:?]
	at org.openqa.selenium.remote.service.DriverCommandExecutor.<init>(DriverCommandExecutor.java:80) [selenium-remote-driver-4.4.0.jar:?]
	at org.openqa.selenium.firefox.FirefoxDriver$FirefoxDriverCommandExecutor.<init>(FirefoxDriver.java:331) [selenium-firefox-driver-4.4.0.jar:?]
	at org.openqa.selenium.firefox.FirefoxDriver.<init>(FirefoxDriver.java:98) [selenium-firefox-driver-4.4.0.jar:?]
	at org.openqa.selenium.firefox.FirefoxDriver.<init>(FirefoxDriver.java:94) [selenium-firefox-driver-4.4.0.jar:?]
	at com.epam.training.student_anton_marhol.framework_practical_task.driver.DriverSingleton.getDriver(DriverSingleton.java:19) [test-classes/:?]
	at com.epam.training.student_anton_marhol.framework_practical_task.test.CommonConditions.browserSetup(CommonConditions.java:22) [test-classes/:?]
	at jdk.internal.reflect.NativeMethodAccessorImpl.invoke0(Native Method) ~[?:?]
	at jdk.internal.reflect.NativeMethodAccessorImpl.invoke(NativeMethodAccessorImpl.java:62) ~[?:?]
	at jdk.internal.reflect.DelegatingMethodAccessorImpl.invoke(DelegatingMethodAccessorImpl.java:43) ~[?:?]
	at java.lang.reflect.Method.invoke(Method.java:566) ~[?:?]
	at org.testng.internal.MethodInvocationHelper.invokeMethod(MethodInvocationHelper.java:124) [testng-6.14.3.jar:?]
	at org.testng.internal.MethodInvocationHelper.invokeMethodConsideringTimeout(MethodInvocationHelper.java:59) [testng-6.14.3.jar:?]
	at org.testng.internal.Invoker.invokeConfigurationMethod(Invoker.java:458) [testng-6.14.3.jar:?]
	at org.testng.internal.Invoker.invokeConfigurations(Invoker.java:222) [testng-6.14.3.jar:?]
	at org.testng.internal.Invoker.invokeConfigurations(Invoker.java:142) [testng-6.14.3.jar:?]
	at org.testng.internal.TestMethodWorker.invokeBeforeClassMethods(TestMethodWorker.java:168) [testng-6.14.3.jar:?]
	at org.testng.internal.TestMethodWorker.run(TestMethodWorker.java:105) [testng-6.14.3.jar:?]
	at org.testng.TestRunner.privateRun(TestRunner.java:648) [testng-6.14.3.jar:?]
	at org.testng.TestRunner.run(TestRunner.java:505) [testng-6.14.3.jar:?]
	at org.testng.SuiteRunner.runTest(SuiteRunner.java:455) [testng-6.14.3.jar:?]
	at org.testng.SuiteRunner.runSequentially(SuiteRunner.java:450) [testng-6.14.3.jar:?]
	at org.testng.SuiteRunner.privateRun(SuiteRunner.java:415) [testng-6.14.3.jar:?]
	at org.testng.SuiteRunner.run(SuiteRunner.java:364) [testng-6.14.3.jar:?]
	at org.testng.SuiteRunnerWorker.runSuite(SuiteRunnerWorker.java:52) [testng-6.14.3.jar:?]
	at org.testng.SuiteRunnerWorker.run(SuiteRunnerWorker.java:84) [testng-6.14.3.jar:?]
	at org.testng.TestNG.runSuitesSequentially(TestNG.java:1208) [testng-6.14.3.jar:?]
	at org.testng.TestNG.runSuitesLocally(TestNG.java:1137) [testng-6.14.3.jar:?]
	at org.testng.TestNG.runSuites(TestNG.java:1049) [testng-6.14.3.jar:?]
	at org.testng.TestNG.run(TestNG.java:1017) [testng-6.14.3.jar:?]
	at org.apache.maven.surefire.testng.TestNGExecutor.run(TestNGExecutor.java:283) [surefire-testng-2.22.1.jar:2.22.1]
	at org.apache.maven.surefire.testng.TestNGXmlTestSuite.execute(TestNGXmlTestSuite.java:75) [surefire-testng-2.22.1.jar:2.22.1]
	at org.apache.maven.surefire.testng.TestNGProvider.invoke(TestNGProvider.java:120) [surefire-testng-2.22.1.jar:2.22.1]
	at org.apache.maven.surefire.booter.ForkedBooter.invokeProviderInSameClassLoader(ForkedBooter.java:384) [surefire-booter-2.22.1.jar:2.22.1]
	at org.apache.maven.surefire.booter.ForkedBooter.runSuitesInProcess(ForkedBooter.java:345) [surefire-booter-2.22.1.jar:2.22.1]
	at org.apache.maven.surefire.booter.ForkedBooter.execute(ForkedBooter.java:126) [surefire-booter-2.22.1.jar:2.22.1]
	at org.apache.maven.surefire.booter.ForkedBooter.main(ForkedBooter.java:418) [surefire-booter-2.22.1.jar:2.22.1]
2022-10-04 11:15:59,749 DEBUG internal.PlatformDependent0 [main] io.netty.util.internal.PlatformDependent0.<clinit>(PlatformDependent0.java:384) java.nio.Bits.unaligned: available, true
2022-10-04 11:15:59,749 DEBUG internal.PlatformDependent0 [main] io.netty.util.internal.PlatformDependent0.<clinit>(PlatformDependent0.java:448) jdk.internal.misc.Unsafe.allocateUninitializedArray(int): unavailable
java.lang.IllegalAccessException: class io.netty.util.internal.PlatformDependent0$7 cannot access class jdk.internal.misc.Unsafe (in module java.base) because module java.base does not export jdk.internal.misc to unnamed module @2dddc1b9
	at jdk.internal.reflect.Reflection.newIllegalAccessException(Reflection.java:361) ~[?:?]
	at java.lang.reflect.AccessibleObject.checkAccess(AccessibleObject.java:591) ~[?:?]
	at java.lang.reflect.Method.invoke(Method.java:558) ~[?:?]
	at io.netty.util.internal.PlatformDependent0$7.run(PlatformDependent0.java:409) ~[netty-common-4.1.78.Final.jar:4.1.78.Final]
	at java.security.AccessController.doPrivileged(Native Method) ~[?:?]
	at io.netty.util.internal.PlatformDependent0.<clinit>(PlatformDependent0.java:400) [netty-common-4.1.78.Final.jar:4.1.78.Final]
	at io.netty.util.internal.PlatformDependent.isAndroid(PlatformDependent.java:294) [netty-common-4.1.78.Final.jar:4.1.78.Final]
	at io.netty.util.internal.PlatformDependent.<clinit>(PlatformDependent.java:88) [netty-common-4.1.78.Final.jar:4.1.78.Final]
	at io.netty.util.HashedWheelTimer.<init>(HashedWheelTimer.java:114) [netty-common-4.1.78.Final.jar:4.1.78.Final]
	at io.netty.util.HashedWheelTimer.<init>(HashedWheelTimer.java:251) [netty-common-4.1.78.Final.jar:4.1.78.Final]
	at io.netty.util.HashedWheelTimer.<init>(HashedWheelTimer.java:224) [netty-common-4.1.78.Final.jar:4.1.78.Final]
	at io.netty.util.HashedWheelTimer.<init>(HashedWheelTimer.java:203) [netty-common-4.1.78.Final.jar:4.1.78.Final]
	at org.asynchttpclient.DefaultAsyncHttpClient.newNettyTimer(DefaultAsyncHttpClient.java:111) [async-http-client-2.12.3.jar:?]
	at org.asynchttpclient.DefaultAsyncHttpClient.<init>(DefaultAsyncHttpClient.java:90) [async-http-client-2.12.3.jar:?]
	at org.asynchttpclient.Dsl.asyncHttpClient(Dsl.java:32) [async-http-client-2.12.3.jar:?]
	at org.openqa.selenium.remote.http.netty.NettyClient.createHttpClient(NettyClient.java:93) [selenium-remote-driver-4.4.0.jar:?]
	at org.openqa.selenium.remote.http.netty.NettyClient.<clinit>(NettyClient.java:47) [selenium-remote-driver-4.4.0.jar:?]
	at org.openqa.selenium.remote.http.netty.NettyClient$Factory.createClient(NettyClient.java:134) [selenium-remote-driver-4.4.0.jar:?]
	at org.openqa.selenium.remote.HttpCommandExecutor.<init>(HttpCommandExecutor.java:107) [selenium-remote-driver-4.4.0.jar:?]
	at org.openqa.selenium.remote.HttpCommandExecutor.<init>(HttpCommandExecutor.java:94) [selenium-remote-driver-4.4.0.jar:?]
	at org.openqa.selenium.remote.HttpCommandExecutor.<init>(HttpCommandExecutor.java:85) [selenium-remote-driver-4.4.0.jar:?]
	at org.openqa.selenium.remote.service.DriverCommandExecutor.<init>(DriverCommandExecutor.java:80) [selenium-remote-driver-4.4.0.jar:?]
	at org.openqa.selenium.firefox.FirefoxDriver$FirefoxDriverCommandExecutor.<init>(FirefoxDriver.java:331) [selenium-firefox-driver-4.4.0.jar:?]
	at org.openqa.selenium.firefox.FirefoxDriver.<init>(FirefoxDriver.java:98) [selenium-firefox-driver-4.4.0.jar:?]
	at org.openqa.selenium.firefox.FirefoxDriver.<init>(FirefoxDriver.java:94) [selenium-firefox-driver-4.4.0.jar:?]
	at com.epam.training.student_anton_marhol.framework_practical_task.driver.DriverSingleton.getDriver(DriverSingleton.java:19) [test-classes/:?]
	at com.epam.training.student_anton_marhol.framework_practical_task.test.CommonConditions.browserSetup(CommonConditions.java:22) [test-classes/:?]
	at jdk.internal.reflect.NativeMethodAccessorImpl.invoke0(Native Method) ~[?:?]
	at jdk.internal.reflect.NativeMethodAccessorImpl.invoke(NativeMethodAccessorImpl.java:62) ~[?:?]
	at jdk.internal.reflect.DelegatingMethodAccessorImpl.invoke(DelegatingMethodAccessorImpl.java:43) ~[?:?]
	at java.lang.reflect.Method.invoke(Method.java:566) ~[?:?]
	at org.testng.internal.MethodInvocationHelper.invokeMethod(MethodInvocationHelper.java:124) [testng-6.14.3.jar:?]
	at org.testng.internal.MethodInvocationHelper.invokeMethodConsideringTimeout(MethodInvocationHelper.java:59) [testng-6.14.3.jar:?]
	at org.testng.internal.Invoker.invokeConfigurationMethod(Invoker.java:458) [testng-6.14.3.jar:?]
	at org.testng.internal.Invoker.invokeConfigurations(Invoker.java:222) [testng-6.14.3.jar:?]
	at org.testng.internal.Invoker.invokeConfigurations(Invoker.java:142) [testng-6.14.3.jar:?]
	at org.testng.internal.TestMethodWorker.invokeBeforeClassMethods(TestMethodWorker.java:168) [testng-6.14.3.jar:?]
	at org.testng.internal.TestMethodWorker.run(TestMethodWorker.java:105) [testng-6.14.3.jar:?]
	at org.testng.TestRunner.privateRun(TestRunner.java:648) [testng-6.14.3.jar:?]
	at org.testng.TestRunner.run(TestRunner.java:505) [testng-6.14.3.jar:?]
	at org.testng.SuiteRunner.runTest(SuiteRunner.java:455) [testng-6.14.3.jar:?]
	at org.testng.SuiteRunner.runSequentially(SuiteRunner.java:450) [testng-6.14.3.jar:?]
	at org.testng.SuiteRunner.privateRun(SuiteRunner.java:415) [testng-6.14.3.jar:?]
	at org.testng.SuiteRunner.run(SuiteRunner.java:364) [testng-6.14.3.jar:?]
	at org.testng.SuiteRunnerWorker.runSuite(SuiteRunnerWorker.java:52) [testng-6.14.3.jar:?]
	at org.testng.SuiteRunnerWorker.run(SuiteRunnerWorker.java:84) [testng-6.14.3.jar:?]
	at org.testng.TestNG.runSuitesSequentially(TestNG.java:1208) [testng-6.14.3.jar:?]
	at org.testng.TestNG.runSuitesLocally(TestNG.java:1137) [testng-6.14.3.jar:?]
	at org.testng.TestNG.runSuites(TestNG.java:1049) [testng-6.14.3.jar:?]
	at org.testng.TestNG.run(TestNG.java:1017) [testng-6.14.3.jar:?]
	at org.apache.maven.surefire.testng.TestNGExecutor.run(TestNGExecutor.java:283) [surefire-testng-2.22.1.jar:2.22.1]
	at org.apache.maven.surefire.testng.TestNGXmlTestSuite.execute(TestNGXmlTestSuite.java:75) [surefire-testng-2.22.1.jar:2.22.1]
	at org.apache.maven.surefire.testng.TestNGProvider.invoke(TestNGProvider.java:120) [surefire-testng-2.22.1.jar:2.22.1]
	at org.apache.maven.surefire.booter.ForkedBooter.invokeProviderInSameClassLoader(ForkedBooter.java:384) [surefire-booter-2.22.1.jar:2.22.1]
	at org.apache.maven.surefire.booter.ForkedBooter.runSuitesInProcess(ForkedBooter.java:345) [surefire-booter-2.22.1.jar:2.22.1]
	at org.apache.maven.surefire.booter.ForkedBooter.execute(ForkedBooter.java:126) [surefire-booter-2.22.1.jar:2.22.1]
	at org.apache.maven.surefire.booter.ForkedBooter.main(ForkedBooter.java:418) [surefire-booter-2.22.1.jar:2.22.1]
2022-10-04 11:15:59,764 DEBUG internal.PlatformDependent0 [main] io.netty.util.internal.PlatformDependent0.<clinit>(PlatformDependent0.java:481) java.nio.DirectByteBuffer.<init>(long, int): unavailable
2022-10-04 11:15:59,764 DEBUG internal.PlatformDependent [main] io.netty.util.internal.PlatformDependent.unsafeUnavailabilityCause0(PlatformDependent.java:1120) sun.misc.Unsafe: available
2022-10-04 11:15:59,764 DEBUG internal.PlatformDependent [main] io.netty.util.internal.PlatformDependent.estimateMaxDirectMemory(PlatformDependent.java:1231) maxDirectMemory: 1589641216 bytes (maybe)
2022-10-04 11:15:59,764 DEBUG internal.PlatformDependent [main] io.netty.util.internal.PlatformDependent.tmpdir0(PlatformDependent.java:1250) -Dio.netty.tmpdir: C:\Users\HP\AppData\Local\Temp (java.io.tmpdir)
2022-10-04 11:15:59,764 DEBUG internal.PlatformDependent [main] io.netty.util.internal.PlatformDependent.bitMode0(PlatformDependent.java:1329) -Dio.netty.bitMode: 64 (sun.arch.data.model)
2022-10-04 11:15:59,764 DEBUG internal.PlatformDependent [main] io.netty.util.internal.PlatformDependent.isWindows0(PlatformDependent.java:1080) Platform: Windows
2022-10-04 11:15:59,764 DEBUG internal.PlatformDependent [main] io.netty.util.internal.PlatformDependent.<clinit>(PlatformDependent.java:178) -Dio.netty.maxDirectMemory: -1 bytes
2022-10-04 11:15:59,764 DEBUG internal.PlatformDependent [main] io.netty.util.internal.PlatformDependent.<clinit>(PlatformDependent.java:185) -Dio.netty.uninitializedArrayAllocationThreshold: -1
2022-10-04 11:15:59,764 DEBUG internal.CleanerJava9 [main] io.netty.util.internal.CleanerJava9.<clinit>(CleanerJava9.java:71) java.nio.ByteBuffer.cleaner(): available
2022-10-04 11:15:59,764 DEBUG internal.PlatformDependent [main] io.netty.util.internal.PlatformDependent.<clinit>(PlatformDependent.java:205) -Dio.netty.noPreferDirect: false
2022-10-04 11:15:59,796 DEBUG internal.PlatformDependent [main] io.netty.util.internal.PlatformDependent$Mpsc.<clinit>(PlatformDependent.java:971) org.jctools-core.MpscChunkedArrayQueue: available
2022-10-04 11:15:59,818 DEBUG internal.InternalThreadLocalMap [main] io.netty.util.internal.InternalThreadLocalMap.<clinit>(InternalThreadLocalMap.java:86) -Dio.netty.threadLocalMap.stringBuilder.initialSize: 1024
2022-10-04 11:15:59,818 DEBUG internal.InternalThreadLocalMap [main] io.netty.util.internal.InternalThreadLocalMap.<clinit>(InternalThreadLocalMap.java:89) -Dio.netty.threadLocalMap.stringBuilder.maxSize: 4096
2022-10-04 11:15:59,856 DEBUG ssl.JdkSslContext [main] io.netty.handler.ssl.JdkSslContext.<clinit>(JdkSslContext.java:83) Default protocols (JDK): [TLSv1.3, TLSv1.2, TLSv1.1, TLSv1] 
2022-10-04 11:15:59,856 DEBUG ssl.JdkSslContext [main] io.netty.handler.ssl.JdkSslContext.<clinit>(JdkSslContext.java:84) Default cipher suites (JDK): [TLS_ECDHE_ECDSA_WITH_AES_256_GCM_SHA384, TLS_ECDHE_ECDSA_WITH_AES_128_GCM_SHA256, TLS_ECDHE_RSA_WITH_AES_128_GCM_SHA256, TLS_ECDHE_RSA_WITH_AES_256_GCM_SHA384, TLS_ECDHE_RSA_WITH_AES_128_CBC_SHA, TLS_ECDHE_RSA_WITH_AES_256_CBC_SHA, TLS_RSA_WITH_AES_128_GCM_SHA256, TLS_RSA_WITH_AES_128_CBC_SHA, TLS_RSA_WITH_AES_256_CBC_SHA, TLS_AES_128_GCM_SHA256, TLS_AES_256_GCM_SHA384]
2022-10-04 11:15:59,902 DEBUG channel.MultithreadEventLoopGroup [main] io.netty.channel.MultithreadEventLoopGroup.<clinit>(MultithreadEventLoopGroup.java:44) -Dio.netty.eventLoopThreads: 8
2022-10-04 11:15:59,918 DEBUG nio.NioEventLoop [main] io.netty.channel.nio.NioEventLoop.<clinit>(NioEventLoop.java:109) -Dio.netty.noKeySetOptimization: false
2022-10-04 11:15:59,918 DEBUG nio.NioEventLoop [main] io.netty.channel.nio.NioEventLoop.<clinit>(NioEventLoop.java:110) -Dio.netty.selectorAutoRebuildThreshold: 512
2022-10-04 11:15:59,933 TRACE nio.NioEventLoop [main] io.netty.channel.nio.NioEventLoop.openSelector(NioEventLoop.java:263) instrumented a special java.util.Set into: sun.nio.ch.WindowsSelectorImpl@3d278b4d
2022-10-04 11:15:59,933 TRACE nio.NioEventLoop [main] io.netty.channel.nio.NioEventLoop.openSelector(NioEventLoop.java:263) instrumented a special java.util.Set into: sun.nio.ch.WindowsSelectorImpl@184fb68d
2022-10-04 11:15:59,933 TRACE nio.NioEventLoop [main] io.netty.channel.nio.NioEventLoop.openSelector(NioEventLoop.java:263) instrumented a special java.util.Set into: sun.nio.ch.WindowsSelectorImpl@71d8cfe7
2022-10-04 11:15:59,949 TRACE nio.NioEventLoop [main] io.netty.channel.nio.NioEventLoop.openSelector(NioEventLoop.java:263) instrumented a special java.util.Set into: sun.nio.ch.WindowsSelectorImpl@1e530163
2022-10-04 11:15:59,949 TRACE nio.NioEventLoop [main] io.netty.channel.nio.NioEventLoop.openSelector(NioEventLoop.java:263) instrumented a special java.util.Set into: sun.nio.ch.WindowsSelectorImpl@14d8444b
2022-10-04 11:15:59,949 TRACE nio.NioEventLoop [main] io.netty.channel.nio.NioEventLoop.openSelector(NioEventLoop.java:263) instrumented a special java.util.Set into: sun.nio.ch.WindowsSelectorImpl@71466383
2022-10-04 11:15:59,949 TRACE nio.NioEventLoop [main] io.netty.channel.nio.NioEventLoop.openSelector(NioEventLoop.java:263) instrumented a special java.util.Set into: sun.nio.ch.WindowsSelectorImpl@46d63dbb
2022-10-04 11:15:59,949 TRACE nio.NioEventLoop [main] io.netty.channel.nio.NioEventLoop.openSelector(NioEventLoop.java:263) instrumented a special java.util.Set into: sun.nio.ch.WindowsSelectorImpl@4088741b
2022-10-04 11:15:59,980 DEBUG buffer.PooledByteBufAllocator [main] io.netty.buffer.PooledByteBufAllocator.<clinit>(PooledByteBufAllocator.java:157) -Dio.netty.allocator.numHeapArenas: 8
2022-10-04 11:15:59,980 DEBUG buffer.PooledByteBufAllocator [main] io.netty.buffer.PooledByteBufAllocator.<clinit>(PooledByteBufAllocator.java:158) -Dio.netty.allocator.numDirectArenas: 8
2022-10-04 11:15:59,980 DEBUG buffer.PooledByteBufAllocator [main] io.netty.buffer.PooledByteBufAllocator.<clinit>(PooledByteBufAllocator.java:160) -Dio.netty.allocator.pageSize: 8192
2022-10-04 11:15:59,980 DEBUG buffer.PooledByteBufAllocator [main] io.netty.buffer.PooledByteBufAllocator.<clinit>(PooledByteBufAllocator.java:165) -Dio.netty.allocator.maxOrder: 9
2022-10-04 11:15:59,980 DEBUG buffer.PooledByteBufAllocator [main] io.netty.buffer.PooledByteBufAllocator.<clinit>(PooledByteBufAllocator.java:169) -Dio.netty.allocator.chunkSize: 4194304
2022-10-04 11:15:59,996 DEBUG buffer.PooledByteBufAllocator [main] io.netty.buffer.PooledByteBufAllocator.<clinit>(PooledByteBufAllocator.java:170) -Dio.netty.allocator.smallCacheSize: 256
2022-10-04 11:15:59,996 DEBUG buffer.PooledByteBufAllocator [main] io.netty.buffer.PooledByteBufAllocator.<clinit>(PooledByteBufAllocator.java:171) -Dio.netty.allocator.normalCacheSize: 64
2022-10-04 11:15:59,996 DEBUG buffer.PooledByteBufAllocator [main] io.netty.buffer.PooledByteBufAllocator.<clinit>(PooledByteBufAllocator.java:172) -Dio.netty.allocator.maxCachedBufferCapacity: 32768
2022-10-04 11:16:00,002 DEBUG buffer.PooledByteBufAllocator [main] io.netty.buffer.PooledByteBufAllocator.<clinit>(PooledByteBufAllocator.java:173) -Dio.netty.allocator.cacheTrimInterval: 8192
2022-10-04 11:16:00,002 DEBUG buffer.PooledByteBufAllocator [main] io.netty.buffer.PooledByteBufAllocator.<clinit>(PooledByteBufAllocator.java:174) -Dio.netty.allocator.cacheTrimIntervalMillis: 0
2022-10-04 11:16:00,002 DEBUG buffer.PooledByteBufAllocator [main] io.netty.buffer.PooledByteBufAllocator.<clinit>(PooledByteBufAllocator.java:175) -Dio.netty.allocator.useCacheForAllThreads: false
2022-10-04 11:16:00,002 DEBUG buffer.PooledByteBufAllocator [main] io.netty.buffer.PooledByteBufAllocator.<clinit>(PooledByteBufAllocator.java:176) -Dio.netty.allocator.maxCachedByteBuffersPerChunk: 1023
2022-10-04 11:16:00,018 DEBUG buffer.ByteBufUtil [main] io.netty.buffer.ByteBufUtil.<clinit>(ByteBufUtil.java:87) -Dio.netty.allocator.type: pooled
2022-10-04 11:16:00,018 DEBUG buffer.ByteBufUtil [main] io.netty.buffer.ByteBufUtil.<clinit>(ByteBufUtil.java:96) -Dio.netty.threadLocalDirectBufferSize: 0
2022-10-04 11:16:00,018 DEBUG buffer.ByteBufUtil [main] io.netty.buffer.ByteBufUtil.<clinit>(ByteBufUtil.java:99) -Dio.netty.maxThreadLocalCharBufferSize: 16384
2022-10-04 11:16:00,854 DEBUG channel.DefaultChannelId [Forwarding newSession on session null to remote] io.netty.channel.DefaultChannelId.<clinit>(DefaultChannelId.java:79) -Dio.netty.processId: 6932 (auto-detected)
2022-10-04 11:16:00,862 DEBUG util.NetUtil [Forwarding newSession on session null to remote] io.netty.util.NetUtil.<clinit>(NetUtil.java:136) -Djava.net.preferIPv4Stack: false
2022-10-04 11:16:00,862 DEBUG util.NetUtil [Forwarding newSession on session null to remote] io.netty.util.NetUtil.<clinit>(NetUtil.java:137) -Djava.net.preferIPv6Addresses: false
2022-10-04 11:16:00,998 DEBUG util.NetUtilInitializations [Forwarding newSession on session null to remote] io.netty.util.NetUtilInitializations.determineLoopback(NetUtilInitializations.java:129) Loopback interface: lo (Software Loopback Interface 1, 127.0.0.1)
2022-10-04 11:16:00,998 DEBUG util.NetUtil [Forwarding newSession on session null to remote] io.netty.util.NetUtil$SoMaxConnAction.run(NetUtil.java:191) Failed to get SOMAXCONN from sysctl and file \proc\sys\net\core\somaxconn. Default: 200
2022-10-04 11:16:01,132 DEBUG channel.DefaultChannelId [Forwarding newSession on session null to remote] io.netty.channel.DefaultChannelId.<clinit>(DefaultChannelId.java:101) -Dio.netty.machineId: ec:2e:98:ff:fe:96:da:07 (auto-detected)
2022-10-04 11:16:01,217 DEBUG buffer.AbstractByteBuf [AsyncHttpClient-1-2] io.netty.buffer.AbstractByteBuf.<clinit>(AbstractByteBuf.java:63) -Dio.netty.buffer.checkAccessible: true
2022-10-04 11:16:01,217 DEBUG buffer.AbstractByteBuf [AsyncHttpClient-1-2] io.netty.buffer.AbstractByteBuf.<clinit>(AbstractByteBuf.java:64) -Dio.netty.buffer.checkBounds: true
2022-10-04 11:16:01,217 DEBUG util.ResourceLeakDetectorFactory [AsyncHttpClient-1-2] io.netty.util.ResourceLeakDetectorFactory$DefaultResourceLeakDetectorFactory.newResourceLeakDetector(ResourceLeakDetectorFactory.java:196) Loaded default ResourceLeakDetector: io.netty.util.ResourceLeakDetector@263832c2
2022-10-04 11:16:01,264 DEBUG util.Recycler [AsyncHttpClient-1-2] io.netty.util.Recycler.<clinit>(Recycler.java:85) -Dio.netty.recycler.maxCapacityPerThread: 4096
2022-10-04 11:16:01,264 DEBUG util.Recycler [AsyncHttpClient-1-2] io.netty.util.Recycler.<clinit>(Recycler.java:86) -Dio.netty.recycler.ratio: 8
2022-10-04 11:16:01,264 DEBUG util.Recycler [AsyncHttpClient-1-2] io.netty.util.Recycler.<clinit>(Recycler.java:87) -Dio.netty.recycler.chunkSize: 32
2022-10-04 11:16:01,264 DEBUG util.Recycler [AsyncHttpClient-1-2] io.netty.util.Recycler.<clinit>(Recycler.java:88) -Dio.netty.recycler.blocking: false
2022-10-04 11:16:04,676 DEBUG compression.Brotli [AsyncHttpClient-1-2] io.netty.handler.codec.compression.Brotli.<clinit>(Brotli.java:38) brotli4j not in the classpath; Brotli support will be unavailable.
2022-10-04 11:16:21,182 INFO  [main] com.epam.training.student_anton_marhol.framework_practical_task.page.GoogleCloudHomePage.openPage(GoogleCloudHomePage.java:22) https://cloud.google.com/opened
2022-10-04 11:16:34,063 INFO  [main] com.epam.training.student_anton_marhol.framework_practical_task.page.GoogleSearchResultsPage.lookingForPricingCalculatorInSearchResult(GoogleSearchResultsPage.java:19) Google Cloud Platform Pricing Calculator found and opened
2022-10-04 11:16:34,585 INFO  [main] com.epam.training.student_anton_marhol.framework_practical_task.page.PricingCalculatorTheFirstPage.activateTabHolder(PricingCalculatorTheFirstPage.java:38) TAB Compute Engine activated
2022-10-04 11:16:34,681 INFO  [main] com.epam.training.student_anton_marhol.framework_practical_task.page.PricingCalculatorTheFirstPage.fillTheFisrstPartOfForm(PricingCalculatorTheFirstPage.java:44) Number of Instances selected
2022-10-04 11:16:35,132 INFO  [main] com.epam.training.student_anton_marhol.framework_practical_task.page.ParentPage.setNewElement(ParentPage.java:52) Element [Free: Debian, CentOS, CoreOS, Ubuntu or BYOL (Bring Your Own License)] selected
2022-10-04 11:16:36,120 INFO  [main] com.epam.training.student_anton_marhol.framework_practical_task.page.ParentPage.setNewElement(ParentPage.java:52) Element [Spot (Preemptible VM)] selected
2022-10-04 11:16:36,952 INFO  [main] com.epam.training.student_anton_marhol.framework_practical_task.page.ParentPage.setNewElement(ParentPage.java:52) Element [N1] selected
]]></system-out>
    <system-err><![CDATA[SLF4J: Failed to load class "org.slf4j.impl.StaticLoggerBinder".
SLF4J: Defaulting to no-operation (NOP) logger implementation
SLF4J: See http://www.slf4j.org/codes.html#StaticLoggerBinder for further details.
1664867760170	geckodriver	INFO	Listening on 127.0.0.1:60164
1664867761310	mozrunner::runner	INFO	Running command: "C:\\Program Files\\Mozilla Firefox\\firefox.exe" "--marionette" "--remote-debugging-port" "56418" "--remote-allow-hosts" "localhost" "--remote-allow-origins" "http://localhost:56418/" "-no-remote" "-profile" "C:\\Users\\HP\\AppData\\Local\\Temp\\rust_mozprofilehMM7sZ"
1664867761858	Marionette	INFO	Marionette enabled
1664867761867	Marionette	INFO	Listening on port 51378
WebDriver BiDi listening on ws://127.0.0.1:56418
Read port: 51378
1664867762178	RemoteAgent	WARN	TLS certificate errors will be ignored for this session
console.warn: SearchSettings: "get: No settings file exists, new profile?" (new NotFoundError("Could not open the file at C:\\Users\\HP\\AppData\\Local\\Temp\\rust_mozprofilehMM7sZ\\search.json.mozlz4", (void 0)))
DevTools listening on ws://127.0.0.1:56418/devtools/browser/ba70a1f9-d5a8-4419-87bf-89e43662092d
окт. 04, 2022 11:16:04 AM org.openqa.selenium.remote.ProtocolHandshake createSession
INFO: Detected upstream dialect: W3C
JavaScript error: resource://gre/modules/XULStore.jsm, line 58: Error: Can't find profile directory.
JavaScript error: resource://gre/modules/XULStore.jsm, line 58: Error: Can't find profile directory.
1664867796682	Marionette	WARN	TimedPromise timed out after 500 ms: stacktrace:
TimedPromise/<@chrome://remote/content/marionette/sync.js:236:24
TimedPromise@chrome://remote/content/marionette/sync.js:221:10
interaction.flushEventLoop@chrome://remote/content/marionette/interaction.js:431:10
webdriverClickElement@chrome://remote/content/marionette/interaction.js:179:31
]]></system-err>
  </testcase>
  <testcase name="totalEstimatedCostTest" classname="com.epam.training.student_anton_marhol.framework_practical_task.test.GoogleCloudPricingCalculatorTest" time="0.276">
    <failure message="null value in entry: handle=null" type="java.lang.NullPointerException">java.lang.NullPointerException: null value in entry: handle=null
	at com.epam.training.student_anton_marhol.framework_practical_task.test.GoogleCloudPricingCalculatorTest.totalEstimatedCostTest(GoogleCloudPricingCalculatorTest.java:43)
</failure>
  </testcase>
</testsuite>