<?xml version="1.0" encoding="UTF-8"?>
<!-- Generated by org.testng.reporters.JUnitXMLReporter -->
<testsuite hostname="LAPTOP-T7K377GD" failures="0" tests="4" name="Framework all tests" time="148.327" errors="0" timestamp="26 Oct 2022 08:07:11 GMT">
  <testcase classname="com.epam.training.student_anton_marhol.framework_practical_task.test.GoogleCloudPricingCalculatorTest" name="mailAddress" time="0.149"/>
  <testcase classname="com.epam.training.student_anton_marhol.framework_practical_task.test.GoogleCloudPricingCalculatorTest" name="totalEstimatedCost" time="0.254"/>
  <testcase classname="com.epam.training.student_anton_marhol.framework_practical_task.test.SmokeTest" name="basicGoogleCloudFunction" time="50.674"/>
  <testcase classname="com.epam.training.student_anton_marhol.framework_practical_task.test.SmokeTest" name="basicYopmailFunction" time="21.948"/>
</testsuite> <!-- Framework all tests -->
