<?xml version="1.0" encoding="UTF-8"?>
<!-- Generated by org.testng.reporters.JUnitXMLReporter -->
<testsuite ignored="0" hostname="LAPTOP-T7K377GD" failures="0" tests="4" name="Framework all tests" time="82.145" errors="0" timestamp="03 окт. 2022 13:56:57 GMT">
  <testcase classname="com.epam.training.student_anton_marhol.framework_practical_task.test.BasicFunctionTest" name="basicGoogleCloudFunctionTest" time="19.774"/>
  <testcase classname="com.epam.training.student_anton_marhol.framework_practical_task.test.BasicFunctionTest" name="basicYopmailFunctionTest" time="10.994"/>
  <testcase classname="com.epam.training.student_anton_marhol.framework_practical_task.test.GoogleCloudPricingCalculatorTest" name="browserSetupTest" time="40.174"/>
  <testcase classname="com.epam.training.student_anton_marhol.framework_practical_task.test.GoogleCloudPricingCalculatorTest" name="totalEstimatedCostTest" time="0.314"/>
</testsuite> <!-- Framework all tests -->
